<?xml version="1.0" encoding="UTF-8"?>
<!-- Generated by org.testng.reporters.JUnitXMLReporter -->
<testsuite hostname="LE1481" ignored="0" tests="0" failures="0" timestamp="2020-07-05T07:09:39 IST" time="0.022" errors="0">
  <testcase name="@BeforeTest test1" time="-1.593913179313E9" classname="Scripts.Parameters_TestNG$ParameterDemo">
    <failure type="org.testng.TestNGException" message="
Parameter &amp;apos;EmpName&amp;apos; is required by BeforeTest on method test1 but has not been marked @Optional or defined
in /Users/a-4600/eclipse-workspace/SeleniumWithMaven/testng_Parameters.xml">
      <![CDATA[org.testng.TestNGException: 
Parameter 'EmpName' is required by BeforeTest on method test1 but has not been marked @Optional or defined
in /Users/a-4600/eclipse-workspace/SeleniumWithMaven/testng_Parameters.xml
... Removed 21 stack frames]]>
    </failure>
  </testcase> <!-- @BeforeTest test1 -->
  <testcase name="@BeforeTest test2" time="-1.593913179324E9" classname="Scripts.Parameters_TestNG$ParameterDemo">
    <skipped/>
  </testcase> <!-- @BeforeTest test2 -->
</testsuite>
